<?xml version="1.0" encoding="UTF-8"?>
<!-- Generated by org.testng.reporters.JUnitReportReporter -->
<testsuite name="com.test.testcase.demoCase" tests="2" time="0.501" ignored="0" failures="0" timestamp="07 Jan 2021 03:53:24 GMT" skipped="0" hostname="USER-20200428EC" errors="0">
  <testcase name="test4" time="0.434" classname="com.test.testcase.demoCase"/>
  <testcase name="test3" time="0.067" classname="com.test.testcase.demoCase"/>
</testsuite> <!-- com.test.testcase.demoCase -->
