<?xml version="1.0" encoding="UTF-8"?>
<!-- Generated by org.testng.reporters.JUnitReportReporter -->
<testsuite name="com.test.testcase.LoginCase" tests="2" time="1.349" ignored="0" failures="0" timestamp="07 Jan 2021 03:53:24 GMT" skipped="0" hostname="USER-20200428EC" errors="0">
  <testcase name="test1" time="0.909" classname="com.test.testcase.LoginCase"/>
  <testcase name="test2" time="0.440" classname="com.test.testcase.LoginCase"/>
</testsuite> <!-- com.test.testcase.LoginCase -->
